<?xml version="1.0" encoding="UTF-8"?>
<testng-results skipped="0" failed="0" ignored="0" total="2" passed="2">
  <reporter-output>
  </reporter-output>
  <suite name="Default suite" duration-ms="4755" started-at="2019-10-22T11:10:18Z" finished-at="2019-10-22T11:10:22Z">
    <groups>
    </groups>
    <test name="Default test" duration-ms="4755" started-at="2019-10-22T11:10:18Z" finished-at="2019-10-22T11:10:22Z">
      <class name="OauthDemo.OAuth1Demo">
        <test-method status="PASS" signature="postTweet()[pri:1, instance:OauthDemo.OAuth1Demo@ae45eb6]" name="postTweet" duration-ms="3327" started-at="2019-10-22T16:40:18Z" finished-at="2019-10-22T16:40:21Z">
          <reporter-output>
          </reporter-output>
        </test-method> <!-- postTweet -->
        <test-method status="PASS" signature="deleteTweet()[pri:2, instance:OauthDemo.OAuth1Demo@ae45eb6]" name="deleteTweet" duration-ms="1388" started-at="2019-10-22T16:40:21Z" finished-at="2019-10-22T16:40:22Z">
          <reporter-output>
          </reporter-output>
        </test-method> <!-- deleteTweet -->
      </class> <!-- OauthDemo.OAuth1Demo -->
    </test> <!-- Default test -->
  </suite> <!-- Default suite -->
</testng-results>
